{"/Users/sumitkhandelwal/Training/Eduramp/Jun24_Optum/playground/frontend-javascript/utils/utils.js": {"path":"/Users/sumitkhandelwal/Training/Eduramp/Jun24_Optum/playground/frontend-javascript/utils/utils.js","all":false,"statementMap":{"0":{"start":{"line":1,"column":0},"end":{"line":1,"column":58}},"1":{"start":{"line":2,"column":0},"end":{"line":2,"column":0}},"2":{"start":{"line":3,"column":0},"end":{"line":3,"column":60}},"3":{"start":{"line":4,"column":0},"end":{"line":4,"column":0}},"4":{"start":{"line":5,"column":0},"end":{"line":5,"column":53}}},"s":{"0":1,"1":1,"2":1,"3":1,"4":1},"branchMap":{"0":{"type":"branch","line":1,"loc":{"start":{"line":1,"column":22},"end":{"line":1,"column":57}},"locations":[{"start":{"line":1,"column":22},"end":{"line":1,"column":57}}]},"1":{"type":"branch","line":3,"loc":{"start":{"line":3,"column":27},"end":{"line":3,"column":59}},"locations":[{"start":{"line":3,"column":27},"end":{"line":3,"column":59}}]}},"b":{"0":[1],"1":[1]},"fnMap":{"0":{"name":"getFirstName","decl":{"start":{"line":1,"column":22},"end":{"line":1,"column":57}},"loc":{"start":{"line":1,"column":22},"end":{"line":1,"column":57}},"line":1},"1":{"name":"passwordValidator","decl":{"start":{"line":3,"column":27},"end":{"line":3,"column":59}},"loc":{"start":{"line":3,"column":27},"end":{"line":3,"column":59}},"line":3}},"f":{"0":1,"1":1}}
}
